
ROM used:   1677/4096 (41%)
            1677/4096 (41%) including unused fragments

            1.4 Average locations per line
            6.7 Average locations per statement

RAM used:   29/254 (11%) at main() level
            44/254 (17%) worst case

Stack used: 6 worst case (5 in main + 1 for interrupts)
Stack size: 8

Lines Stmts  %   Files
----- ----- ---  -----
  208   118  47  Time & Alarm.c
   13     0   0  Set_Time.h
  736     0   0  ..\..\..\..\..\..\..\..\..\..\Program Files (x86)\PICC\Devices\16F690.h
   87    42  17  DS3231.h
  104    71  28  Stepper_Header_V2.h
   23     8   3  MCP23008.h
   45    13   5  Steps_2_time.h
----- -----
 1216   252 Total

Page ROM  %  RAM    Vol Diff  Functions:
---- --- --- ---    --- ----  ----------
0     14   1    1             @delay_ms1
0     51   3    3             @I2C_READ_1
0     52   3    1             @I2C_WRITE_1
0     18   1    2     74  3.1  DEC_2_BCD
0     21   1    3             @DIV88
0     53   3    3     69  3.1  BCD_2_DEC
 Inline         2             @MUL88
0     56   3    4    193  2.3  Set_Time
 Inline         2    167  2.4  Read_time_BCD
 Inline         2    179  2.4  Read_time_DEC
0     39   2    1     86  1.3  Alarm_status
0     39   2    0     80  1.2  Clear_Alarm
0     54   3    4    181  2.3  Set_Alarm
0     52   3    1     43  1.5  @I2C_WRITE_2
0     39   2    3    114  2.2  MCP23008_Write
 Inline         0     74  1.6  Enable_MCP23008
0      8   0    1     43  1.5  MCP23008_OUT
0     30   2    0     88  1.7  Enable_Steppers
0     32   2    3    290  3.2  S1_Fire_Coils
0     47   3    2    167  4.7  Stepper1
0     32   2    3    290  3.2  S2_Fire_Coils
0     47   3    2    167  4.7  Stepper2
0     73   4    0    303  3.7  Overflow_Protect
 Inline         4     41  2.1  Min_2_Steps
0     21   1    5             @MUL1616
 Inline         4     41  2.1  hr_2_Steps
0     38   2    4     93  3.6  Steps_2_min
0     37   2    5     65  3.0  @DIV1616
0     38   2    4     93  3.6  Steps_2_hr
 Inline         2     60  2.7  hr_min_2_Steps
 Inline         6     65  3.0  hours
0     44   3    2    354  3.7  RA_isr
0     84   5    0    688  4.3  MAIN
0     79   5    4    331  3.7  Adjust_time
0    319  19    2    449  5.2  display_time
0     79   5    4    331  3.7  Adjust_Alarm
0     56   3    1    500  4.3  Buttons
0     12   1    1     59  1.9  Alarm_Check
0     64   4    1    375  3.7  Set_Zero
 Inline         0             @cinit1

Program metrics:
    Functions               33
    Statements              252
    Comments                178
    Volume (V)              12139
    Difficulty (D)          98.3
    Effort to implement (E) 1193265
    Time to implement (T)   18 hours, 25 minutes
    Est Delivered Bugs (B)  4
    Cyclomatic Complexity   40
    Maintainability (MI)    85

 Segment     Used  Free
-----------  ----  ----
00000-00003     4  0  
00004-00030    45  0  
00031-007FF  1628  371  
00800-00FFF     0  2048  



